<?xml version="1.0" encoding="UTF-8"?>
<testsuite xmlns:xsi="http://www.w3.org/2001/XMLSchema-instance" xsi:noNamespaceSchemaLocation="https://maven.apache.org/surefire/maven-surefire-plugin/xsd/surefire-test-report.xsd" name="org.example.AppTest" time="0.126" tests="4" errors="0" skipped="0" failures="0">
  <properties>
[...]
</properties>
  <testcase name="testLoan" classname="org.example.AppTest" time="0.079"/>
  <testcase name="BookListTest" classname="org.example.AppTest" time="0.003"/>
  <testcase name="testPerson" classname="org.example.AppTest" time="0.009"/>
  <testcase name="BookTest" classname="org.example.AppTest" time="0"/>
</testsuite>